{"/home/kalitamih/task-graphQL/packages/server/constants/index.js": {"path":"/home/kalitamih/task-graphQL/packages/server/constants/index.js","statementMap":{"0":{"start":{"line":2,"column":0},"end":{"line":2,"column":62}},"1":{"start":{"line":3,"column":0},"end":{"line":3,"column":44}},"2":{"start":{"line":4,"column":0},"end":{"line":4,"column":40}},"3":{"start":{"line":5,"column":0},"end":{"line":5,"column":82}},"4":{"start":{"line":6,"column":0},"end":{"line":6,"column":32}},"5":{"start":{"line":7,"column":0},"end":{"line":7,"column":47}}},"fnMap":{},"branchMap":{"0":{"loc":{"start":{"line":3,"column":14},"end":{"line":3,"column":43}},"type":"binary-expr","locations":[{"start":{"line":3,"column":14},"end":{"line":3,"column":29}},{"start":{"line":3,"column":33},"end":{"line":3,"column":43}}],"line":3},"1":{"loc":{"start":{"line":4,"column":15},"end":{"line":4,"column":39}},"type":"binary-expr","locations":[{"start":{"line":4,"column":15},"end":{"line":4,"column":31}},{"start":{"line":4,"column":35},"end":{"line":4,"column":39}}],"line":4}},"s":{"0":2,"1":2,"2":2,"3":2,"4":2,"5":2},"f":{},"b":{"0":[2,2],"1":[2,2]},"_coverageSchema":"43e27e138ebf9cfc5966b082cf9a028302ed4184","hash":"f555fd49f8324507da7fad3fc6a53b47832326a5"}
}
